<?xml version="1.0" encoding="UTF-8"?>
<testng-results ignored="0" total="1" passed="1" failed="0" skipped="0">
  <reporter-output>
  </reporter-output>
  <suite started-at="2024-06-18T20:40:29 IST" name="Suite" finished-at="2024-06-18T20:40:39 IST" duration-ms="9466">
    <groups>
    </groups>
    <test started-at="2024-06-18T20:40:29 IST" name="Test" finished-at="2024-06-18T20:40:39 IST" duration-ms="9466">
      <class name="com.adactinhotelapp.testscripts.regression.ValidateLoginUsingPOMandDataProvider">
        <test-method is-config="true" signature="fileSetUp()[pri:0, instance:com.adactinhotelapp.testscripts.regression.ValidateLoginUsingPOMandDataProvider@3e08ff24]" started-at="2024-06-18T20:40:29 IST" name="fileSetUp" finished-at="2024-06-18T20:40:29 IST" duration-ms="283" status="PASS">
          <reporter-output>
          </reporter-output>
        </test-method> <!-- fileSetUp -->
        <test-method is-config="true" signature="setUp(org.testng.ITestContext)[pri:0, instance:com.adactinhotelapp.testscripts.regression.ValidateLoginUsingPOMandDataProvider@3e08ff24]" started-at="2024-06-18T20:40:30 IST" name="setUp" finished-at="2024-06-18T20:40:36 IST" duration-ms="6100" status="PASS">
          <params>
            <param index="0">
              <value>
                <![CDATA[org.testng.TestRunner@2a0ea492]]>
              </value>
            </param>
          </params>
          <reporter-output>
          </reporter-output>
        </test-method> <!-- setUp -->
        <test-method signature="validateLoginTest(java.util.HashMap)[pri:0, instance:com.adactinhotelapp.testscripts.regression.ValidateLoginUsingPOMandDataProvider@3e08ff24]" started-at="2024-06-18T20:40:36 IST" name="validateLoginTest" data-provider="getData" finished-at="2024-06-18T20:40:38 IST" duration-ms="1471" status="PASS">
          <params>
            <param index="0">
              <value>
                <![CDATA[{expTitle=Adactin.com - Search Hotel, password=reyaz123, username=reyaz0806}]]>
              </value>
            </param>
          </params>
          <reporter-output>
          </reporter-output>
        </test-method> <!-- validateLoginTest -->
        <test-method is-config="true" signature="tearDown()[pri:0, instance:com.adactinhotelapp.testscripts.regression.ValidateLoginUsingPOMandDataProvider@3e08ff24]" started-at="2024-06-18T20:40:38 IST" name="tearDown" finished-at="2024-06-18T20:40:38 IST" duration-ms="246" status="PASS">
          <reporter-output>
          </reporter-output>
        </test-method> <!-- tearDown -->
        <test-method is-config="true" signature="closeReports()[pri:0, instance:com.adactinhotelapp.testscripts.regression.ValidateLoginUsingPOMandDataProvider@3e08ff24]" started-at="2024-06-18T20:40:38 IST" name="closeReports" finished-at="2024-06-18T20:40:39 IST" duration-ms="587" status="PASS">
          <reporter-output>
          </reporter-output>
        </test-method> <!-- closeReports -->
      </class> <!-- com.adactinhotelapp.testscripts.regression.ValidateLoginUsingPOMandDataProvider -->
    </test> <!-- Test -->
  </suite> <!-- Suite -->
</testng-results>
