<?xml version="1.0" encoding="UTF-8"?>
<!-- Generated by org.testng.reporters.JUnitXMLReporter -->
<testsuite ignored="0" hostname="DESKTOP-SELPL0P" failures="1" tests="1" name="Test" time="0.159" errors="0" timestamp="2024-06-18T11:50:01 IST">
  <testcase classname="regression.ValiateLoginUsingKeyWords" name="validateLoginTest" time="0.028">
    <failure type="java.lang.NullPointerException" message="Cannot invoke &amp;quot;java.util.Properties.getProperty(String)&amp;quot; because &amp;quot;keywords.GenericKeywords.configProp&amp;quot; is null">
      <![CDATA[java.lang.NullPointerException: Cannot invoke "java.util.Properties.getProperty(String)" because "keywords.GenericKeywords.configProp" is null
at keywords.GenericKeywords.openBrowser(GenericKeywords.java:17)
at regression.ValiateLoginUsingKeyWords.validateLoginTest(ValiateLoginUsingKeyWords.java:13)
at java.base/java.util.ArrayList.forEach(ArrayList.java:1511)
... Removed 27 stack frames]]>
    </failure>
  </testcase> <!-- validateLoginTest -->
</testsuite> <!-- Test -->
